[INFO] Scanning for projects...
[INFO] 
[INFO] ---------------------< com.lexzip:spring-backend >----------------------
[INFO] Building spring-backend 0.0.1-SNAPSHOT
[INFO]   from pom.xml
[INFO] --------------------------------[ jar ]---------------------------------
[INFO] 
[INFO] >>> spring-boot:3.5.0:run (default-cli) > test-compile @ spring-backend >>>
[INFO] 
[INFO] --- resources:3.3.1:resources (default-resources) @ spring-backend ---
[INFO] Copying 1 resource from src\main\resources to target\classes
[INFO] Copying 5 resources from src\main\resources to target\classes
[INFO] 
[INFO] --- compiler:3.14.0:compile (default-compile) @ spring-backend ---
[INFO] Nothing to compile - all classes are up to date.
[INFO] 
[INFO] --- resources:3.3.1:testResources (default-testResources) @ spring-backend ---
[INFO] skip non existing resourceDirectory D:\lexzip\backend\src\test\resources
[INFO] 
[INFO] --- compiler:3.14.0:testCompile (default-testCompile) @ spring-backend ---
[INFO] Nothing to compile - all classes are up to date.
[INFO] 
[INFO] <<< spring-boot:3.5.0:run (default-cli) < test-compile @ spring-backend <<<
[INFO] 
[INFO] 
[INFO] --- spring-boot:3.5.0:run (default-cli) @ spring-backend ---
[INFO] Attaching agents: []

  .   ____          _            __ _ _
 /\\ / ___'_ __ _ _(_)_ __  __ _ \ \ \ \
( ( )\___ | '_ | '_| | '_ \/ _` | \ \ \ \
 \\/  ___)| |_)| | | | | || (_| |  ) ) ) )
  '  |____| .__|_| |_|_| |_\__, | / / / /
 =========|_|==============|___/=/_/_/_/

 :: Spring Boot ::                (v3.5.0)

2026-04-09T18:16:12.229+05:30  INFO 9360 --- [           main] c.l.backend.LexzipBackendApplication     : Starting LexzipBackendApplication using Java 21.0.8 with PID 9360 (D:\lexzip\backend\target\classes started by Administrator in D:\lexzip\backend)
2026-04-09T18:16:12.231+05:30  INFO 9360 --- [           main] c.l.backend.LexzipBackendApplication     : No active profile set, falling back to 1 default profile: "default"
2026-04-09T18:16:13.612+05:30  INFO 9360 --- [           main] .s.d.r.c.RepositoryConfigurationDelegate : Bootstrapping Spring Data JPA repositories in DEFAULT mode.
2026-04-09T18:16:13.745+05:30  INFO 9360 --- [           main] .s.d.r.c.RepositoryConfigurationDelegate : Finished Spring Data repository scanning in 125 ms. Found 11 JPA repository interfaces.
2026-04-09T18:16:14.493+05:30  INFO 9360 --- [           main] o.s.b.w.embedded.tomcat.TomcatWebServer  : Tomcat initialized with port 8080 (http)
2026-04-09T18:16:14.511+05:30  INFO 9360 --- [           main] o.apache.catalina.core.StandardService   : Starting service [Tomcat]
2026-04-09T18:16:14.513+05:30  INFO 9360 --- [           main] o.apache.catalina.core.StandardEngine    : Starting Servlet engine: [Apache Tomcat/10.1.41]
2026-04-09T18:16:14.578+05:30  INFO 9360 --- [           main] o.a.c.c.C.[Tomcat].[localhost].[/]       : Initializing Spring embedded WebApplicationContext
2026-04-09T18:16:14.590+05:30  INFO 9360 --- [           main] w.s.c.ServletWebServerApplicationContext : Root WebApplicationContext: initialization completed in 2264 ms
2026-04-09T18:16:14.899+05:30  INFO 9360 --- [           main] com.zaxxer.hikari.HikariDataSource       : HikariPool-1 - Starting...
2026-04-09T18:16:15.144+05:30  INFO 9360 --- [           main] com.zaxxer.hikari.pool.HikariPool        : HikariPool-1 - Added connection conn0: url=jdbc:h2:mem:lexzip user=SA
2026-04-09T18:16:15.144+05:30  INFO 9360 --- [           main] com.zaxxer.hikari.HikariDataSource       : HikariPool-1 - Start completed.
2026-04-09T18:16:15.223+05:30  INFO 9360 --- [           main] org.flywaydb.core.FlywayExecutor         : Database: jdbc:h2:mem:lexzip (H2 2.3)
2026-04-09T18:16:15.268+05:30  INFO 9360 --- [           main] o.f.c.i.s.JdbcTableSchemaHistory         : Schema history table "PUBLIC"."flyway_schema_history" does not exist yet
2026-04-09T18:16:15.268+05:30  INFO 9360 --- [           main] o.f.core.internal.command.DbValidate     : Successfully validated 2 migrations (execution time 00:00.025s)
2026-04-09T18:16:15.277+05:30  INFO 9360 --- [           main] o.f.c.i.s.JdbcTableSchemaHistory         : Creating Schema History table "PUBLIC"."flyway_schema_history" ...
2026-04-09T18:16:15.327+05:30  INFO 9360 --- [           main] o.f.core.internal.command.DbMigrate      : Current version of schema "PUBLIC": << Empty Schema >>
2026-04-09T18:16:15.348+05:30  INFO 9360 --- [           main] o.f.core.internal.command.DbMigrate      : Migrating schema "PUBLIC" to version "1 - init"
2026-04-09T18:16:15.394+05:30  INFO 9360 --- [           main] o.f.core.internal.command.DbMigrate      : Migrating schema "PUBLIC" to version "2 - add category and captcha tables"
2026-04-09T18:16:15.402+05:30  INFO 9360 --- [           main] o.f.core.internal.command.DbMigrate      : Successfully applied 2 migrations to schema "PUBLIC", now at version v2 (execution time 00:00.038s)
2026-04-09T18:16:15.527+05:30  INFO 9360 --- [           main] o.hibernate.jpa.internal.util.LogHelper  : HHH000204: Processing PersistenceUnitInfo [name: default]
2026-04-09T18:16:15.610+05:30  INFO 9360 --- [           main] org.hibernate.Version                    : HHH000412: Hibernate ORM core version 6.6.15.Final
2026-04-09T18:16:15.644+05:30  INFO 9360 --- [           main] o.h.c.internal.RegionFactoryInitiator    : HHH000026: Second-level cache disabled
2026-04-09T18:16:16.043+05:30  INFO 9360 --- [           main] o.s.o.j.p.SpringPersistenceUnitInfo      : No LoadTimeWeaver setup: ignoring JPA class transformer
2026-04-09T18:16:16.148+05:30  INFO 9360 --- [           main] org.hibernate.orm.connections.pooling    : HHH10001005: Database info:
	Database JDBC URL [Connecting through datasource 'HikariDataSource (HikariPool-1)']
	Database driver: undefined/unknown
	Database version: 2.3.232
	Autocommit mode: undefined/unknown
	Isolation level: undefined/unknown
	Minimum pool size: undefined/unknown
	Maximum pool size: undefined/unknown
2026-04-09T18:16:17.608+05:30  INFO 9360 --- [           main] o.h.e.t.j.p.i.JtaPlatformInitiator       : HHH000489: No JTA platform available (set 'hibernate.transaction.jta.platform' to enable JTA platform integration)
2026-04-09T18:16:17.646+05:30  INFO 9360 --- [           main] j.LocalContainerEntityManagerFactoryBean : Initialized JPA EntityManagerFactory for persistence unit 'default'
2026-04-09T18:16:18.658+05:30  INFO 9360 --- [           main] o.s.b.a.h2.H2ConsoleAutoConfiguration    : H2 console available at '/h2-console'. Database available at 'jdbc:h2:mem:lexzip'
2026-04-09T18:16:18.742+05:30  INFO 9360 --- [           main] o.s.b.w.embedded.tomcat.TomcatWebServer  : Tomcat started on port 8080 (http) with context path '/'
2026-04-09T18:16:18.761+05:30  INFO 9360 --- [           main] c.l.backend.LexzipBackendApplication     : Started LexzipBackendApplication in 7.175 seconds (process running for 7.677)
2026-04-09T18:16:41.991+05:30  INFO 9360 --- [nio-8080-exec-1] o.a.c.c.C.[Tomcat].[localhost].[/]       : Initializing Spring DispatcherServlet 'dispatcherServlet'
2026-04-09T18:16:41.992+05:30  INFO 9360 --- [nio-8080-exec-1] o.s.web.servlet.DispatcherServlet        : Initializing Servlet 'dispatcherServlet'
2026-04-09T18:16:41.995+05:30  INFO 9360 --- [nio-8080-exec-1] o.s.web.servlet.DispatcherServlet        : Completed initialization in 3 ms
